<?xml version="1.0" encoding="UTF-8"?>
<!-- Generated by org.testng.reporters.JUnitXMLReporter -->
<testsuite ignored="1" hostname="DESKTOP-NP5PALL" failures="1" tests="1" name="Surefire test" time="0.051" errors="0" timestamp="2022-01-12T13:10:06 CET">
  <testcase classname="pers.membrive.veracity.LoginTest" name="login" time="0.009">
    <failure type="java.lang.NullPointerException" message="Cannot invoke &amp;quot;org.openqa.selenium.WebDriver.findElement(org.openqa.selenium.By)&amp;quot; because &amp;quot;this.driver&amp;quot; is null">
      <![CDATA[java.lang.NullPointerException: Cannot invoke "org.openqa.selenium.WebDriver.findElement(org.openqa.selenium.By)" because "this.driver" is null
at pers.membrive.pageObjects.LandingPage.getCookiesAcceptBtn(LandingPage.java:48)
at pers.membrive.veracity.LoginTest.login(LoginTest.java:38)
at java.base/java.util.ArrayList.forEach(ArrayList.java:1511)
... Removed 32 stack frames]]>
    </failure>
  </testcase> <!-- login -->
  <testcase classname="pers.membrive.veracity.ObtainProductTest" name="obtainProduct" time="0.0">
    <ignored/>
  </testcase> <!-- obtainProduct -->
</testsuite> <!-- Surefire test -->
